2022-11-09 18:26:24,808 [INFO ] [main                ] [coop.rchain.node.Main$       ]- RChain Node 0.13.0-alpha3 (c766347c6df06d813f802ae9e4ca1186647cf070)
2022-11-09 18:26:24,810 [INFO ] [main                ] [coop.rchain.node.Main$       ]- Starting with profile default
2022-11-09 18:26:24,811 [INFO ] [main                ] [coop.rchain.node.Main$       ]- Using configuration file: /home/nardack/Desktop/RChain_Dapp/config.conf
2022-11-09 18:26:24,811 [INFO ] [main                ] [coop.rchain.node.Main$       ]- Running on network: testnet
2022-11-09 18:26:24,982 [INFO ] [main                ] [c.r.node.NodeEnvironment$    ]- Using data dir: /home/nardack/Desktop/RChain_Dapp/rnode0
2022-11-09 18:26:25,148 [DEBUG] [main                ] [jdk.event.security           ]- X509Certificate: Alg:SHA256withECDSA, Serial:b951fa9c05a62ee8, Subject:CN=8228031cb2f316bcd488bc8e7a69fdffa64b2349, Issuer:CN=8228031cb2f316bcd488bc8e7a69fdffa64b2349, Key type:EC, Length:256, Cert Id:605045429, Valid from:11/9/22, 6:58 AM, Valid until:11/9/23, 6:58 AM
2022-11-09 18:26:25,338 [DEBUG] [main                ] [c.r.s.LmdbStoreManagerImpl   ]- Creating LMDB environment: rnode0/dagstorage
2022-11-09 18:26:25,528 [DEBUG] [main                ] [c.r.s.LmdbStoreManagerImpl   ]- Creating LMDB database: last-finalized-block, env: rnode0/dagstorage
2022-11-09 18:26:25,547 [INFO ] [main                ] [c.r.b.dag.BlockMetadataStore$]- Building in-memory blockMetadataStore.
2022-11-09 18:26:25,548 [DEBUG] [main                ] [c.r.s.LmdbStoreManagerImpl   ]- Creating LMDB database: block-metadata, env: rnode0/dagstorage
2022-11-09 18:26:25,555 [INFO ] [main                ] [c.r.b.dag.BlockMetadataStore$]- Reading data from blockMetadataStore done.
2022-11-09 18:26:25,573 [INFO ] [main                ] [c.r.b.dag.BlockMetadataStore$]- Successfully built in-memory blockMetadataStore.
2022-11-09 18:26:25,581 [DEBUG] [main                ] [c.r.s.LmdbStoreManagerImpl   ]- Creating LMDB environment: rnode0/casperbuffer
2022-11-09 18:26:25,583 [DEBUG] [main                ] [c.r.s.LmdbStoreManagerImpl   ]- Creating LMDB database: parents-map, env: rnode0/casperbuffer
2022-11-09 18:26:25,663 [DEBUG] [main                ] [c.r.s.LmdbStoreManagerImpl   ]- Creating LMDB environment: rnode0/eval/history
2022-11-09 18:26:25,664 [DEBUG] [main                ] [c.r.s.LmdbStoreManagerImpl   ]- Creating LMDB database: eval-roots, env: rnode0/eval/history
2022-11-09 18:26:25,694 [DEBUG] [main                ] [c.r.s.LmdbStoreManagerImpl   ]- Creating LMDB database: eval-history, env: rnode0/eval/history
2022-11-09 18:26:26,848 [DEBUG] [main                ] [c.r.s.LmdbStoreManagerImpl   ]- Creating LMDB environment: rnode0/rspace/history
2022-11-09 18:26:26,849 [DEBUG] [main                ] [c.r.s.LmdbStoreManagerImpl   ]- Creating LMDB database: rspace-roots, env: rnode0/rspace/history
2022-11-09 18:26:26,854 [DEBUG] [main                ] [c.r.s.LmdbStoreManagerImpl   ]- Creating LMDB database: rspace-history, env: rnode0/rspace/history
2022-11-09 18:26:27,088 [DEBUG] [main                ] [c.r.s.LmdbStoreManagerImpl   ]- Creating LMDB database: blocks-approved, env: rnode0/dagstorage
2022-11-09 18:26:27,092 [INFO ] [main                ] [c.r.c.e.CasperLaunch$$anon$1 ]- Approved block not found, taking part in ceremony as ceremony master
2022-11-09 18:26:27,128 [INFO ] [node-runner-19      ] [c.r.casper.util.VaultParser$ ]- Parsing wallets file rnode0/genesis/wallets.txt.
2022-11-09 18:26:27,222 [INFO ] [node-runner-19      ] [c.r.casper.util.VaultParser$ ]- Wallet loaded: 11112gNSU4Ytt3b2TpAQnggARSidPpNxrNkWqFFg52aNe5t6sjCy2c,1000000000000000
2022-11-09 18:26:27,245 [INFO ] [node-runner-19      ] [c.r.casper.util.BondsParser$ ]- Parsing bonds file rnode0/genesis/bonds.txt.
2022-11-09 18:26:27,253 [INFO ] [node-runner-19      ] [c.r.casper.util.BondsParser$ ]- Bond loaded 047d92364b25cc28ee397b9ad147a931e88b044f934e31f6fe8ae5cddc2ebb616df7f0f388363929d261a04400f608f3d078f064b039a634b736d999da7a386f92 => 3
2022-11-09 18:26:27,255 [INFO ] [node-runner-19      ] [c.r.casper.util.BondsParser$ ]- Bond loaded 0448b1942cb06835149ecbe76e32f2f59b40042daf5f7754e28612de4443b436dcd154c2c4d0dca87ba8050330169550f9ac65343094168aaa6947fe65ac93d671 => 1
2022-11-09 18:26:27,257 [INFO ] [node-runner-19      ] [c.r.casper.util.BondsParser$ ]- Bond loaded 04570e5edfdcc574318a72d46efe688f96d5f0b942fb94b60a51a332d144dc459b0231239501b91e38d655b68c51e9e0fd49b62e961d2d69c5404bed7c804620d3 => 5
2022-11-09 18:26:27,259 [INFO ] [node-runner-19      ] [c.r.casper.util.BondsParser$ ]- Bond loaded 0431cdf19efba3eb6cbf459905dff5a7437376e0b0099e799a948fe3ceaf4335c37ddf36ec9289c4ed72e6d4e9c0dc8b8ba79fbfab93c57c385afe7dcd3d811d60 => 2
2022-11-09 18:26:27,260 [INFO ] [node-runner-19      ] [c.r.casper.util.BondsParser$ ]- Bond loaded 04d01c03c0022e43390639fe67d625504b4402e08b9016276dd0792edb25c64c56e9a07c402f830415cce99d8afe88e197612cf0fcb69016ce3f6a483dc91923ae => 4
2022-11-09 18:26:28,276 [DEBUG] [node-runner-25      ] [c.r.s.LmdbStoreManagerImpl   ]- Creating LMDB environment: rnode0/rspace/cold
2022-11-09 18:26:28,277 [DEBUG] [node-runner-25      ] [c.r.s.LmdbStoreManagerImpl   ]- Creating LMDB database: rspace-cold, env: rnode0/rspace/cold
2022-11-09 18:26:35,901 [DEBUG] [node-runner-29      ] [c.r.s.LmdbStoreManagerImpl   ]- Creating LMDB database: mergeable-channel-cache, env: rnode0/dagstorage
2022-11-09 18:26:36,265 [INFO ] [node-runner-29      ] [c.r.node.runtime.NodeRuntime ]- Starting stand-alone node.
2022-11-09 18:26:37,185 [INFO ] [node-runner-29      ] [c.r.n.r.ServersInstances$    ]- HTTP API server started at localhost:40403
2022-11-09 18:26:37,194 [INFO ] [node-runner-29      ] [c.r.n.r.ServersInstances$    ]- Admin HTTP API server started at localhost:40405
2022-11-09 18:26:37,225 [INFO ] [node-runner-27      ] [ocol$ApproveBlockProtocolImpl]- Starting execution of ApprovedBlockProtocol. Waiting for 0 approvals from genesis validators.
2022-11-09 18:26:37,228 [INFO ] [node-runner-27      ] [ocol$ApproveBlockProtocolImpl]- Self-approving genesis block.
2022-11-09 18:26:37,249 [DEBUG] [node-runner-19      ] [.r.c.e.BlockRetriever$$anon$1]- Running BlockRetriever maintenance (0 items unexpired).
2022-11-09 18:26:37,260 [INFO ] [node-runner-27      ] [ocol$ApproveBlockProtocolImpl]- Sending ApprovedBlock b40a4edf16... to peers...
2022-11-09 18:26:37,266 [INFO ] [node-runner-27      ] [ocol$ApproveBlockProtocolImpl]- Finished execution of ApprovedBlockProtocol
2022-11-09 18:26:37,322 [INFO ] [node-runner-29      ] [c.r.n.r.ServersInstances$    ]- External API server started at localhost:40401
2022-11-09 18:26:37,322 [INFO ] [node-runner-26      ] [c.r.n.r.ServersInstances$    ]- Kademlia RPC server started at 192.168.152.130:40404
2022-11-09 18:26:37,322 [INFO ] [node-runner-25      ] [c.r.n.r.ServersInstances$    ]- Internal API server started at 192.168.152.130:40402
2022-11-09 18:26:37,333 [DEBUG] [node-runner-24      ] [jdk.event.security           ]- X509Certificate: Alg:SHA256withRSA, Serial:752bd03efd500194, Subject:CN=example.com, Issuer:CN=example.com, Key type:RSA, Length:2048, Cert Id:1467855822, Valid from:4/6/18, 3:06 PM, Valid until:12/31/99, 3:59 PM
2022-11-09 18:26:37,464 [INFO ] [node-runner-24      ] [c.r.n.r.ServersInstances$    ]- Listening for traffic on rnode://8228031cb2f316bcd488bc8e7a69fdffa64b2349@192.168.152.130?protocol=40400&discovery=40404.
2022-11-09 18:26:38,276 [DEBUG] [node-runner-23      ] [c.r.s.LmdbStoreManagerImpl   ]- Creating LMDB environment: rnode0/blockstorage
2022-11-09 18:26:38,276 [DEBUG] [node-runner-23      ] [c.r.s.LmdbStoreManagerImpl   ]- Creating LMDB database: blocks, env: rnode0/blockstorage
2022-11-09 18:26:38,290 [WARN ] [node-runner-23      ] [.b.d.BlockDagKeyValueStorage$]- Block Block #0 (b40a4edf16...) with empty parents (supposedly genesis) sender is empty.
2022-11-09 18:26:38,299 [DEBUG] [node-runner-23      ] [c.r.s.LmdbStoreManagerImpl   ]- Creating LMDB database: deploy-index, env: rnode0/dagstorage
2022-11-09 18:26:38,305 [DEBUG] [node-runner-23      ] [c.r.s.LmdbStoreManagerImpl   ]- Creating LMDB database: latest-messages, env: rnode0/dagstorage
2022-11-09 18:26:38,317 [DEBUG] [node-runner-23      ] [c.r.s.LmdbStoreManagerImpl   ]- Creating LMDB database: invalid-blocks, env: rnode0/dagstorage
2022-11-09 18:26:38,340 [INFO ] [node-runner-23      ] [c.r.casper.engine.Engine$    ]- Making a transition to Running state. Approved Block #0 (b40a4edf16...) with empty parents (supposedly genesis)
2022-11-09 18:26:38,366 [INFO ] [node-runner-23      ] [c.r.c.util.comm.CommUtilOps  ]- Requested fork tip from peers
2022-11-09 18:27:07,257 [DEBUG] [node-runner-37      ] [c.r.c.MultiParentCasperImpl  ]- Requesting CasperBuffer pendant hashes, 0 items.
2022-11-09 18:27:07,258 [DEBUG] [node-runner-37      ] [.r.c.e.BlockRetriever$$anon$1]- Running BlockRetriever maintenance (0 items unexpired).
2022-11-10 05:59:31,800 [INFO ] [main                ] [coop.rchain.node.Main$       ]- RChain Node 0.13.0-alpha3 (c766347c6df06d813f802ae9e4ca1186647cf070)
2022-11-10 05:59:31,805 [INFO ] [main                ] [coop.rchain.node.Main$       ]- Starting with profile default
2022-11-10 05:59:31,805 [INFO ] [main                ] [coop.rchain.node.Main$       ]- Using configuration file: /home/nardack/Desktop/RChain_Dapp/config.conf
2022-11-10 05:59:31,805 [INFO ] [main                ] [coop.rchain.node.Main$       ]- Running on network: testnet
2022-11-10 05:59:32,066 [INFO ] [main                ] [c.r.node.NodeEnvironment$    ]- Using data dir: /home/nardack/Desktop/RChain_Dapp/rnode0
2022-11-10 05:59:32,316 [DEBUG] [main                ] [jdk.event.security           ]- X509Certificate: Alg:SHA256withECDSA, Serial:b951fa9c05a62ee8, Subject:CN=8228031cb2f316bcd488bc8e7a69fdffa64b2349, Issuer:CN=8228031cb2f316bcd488bc8e7a69fdffa64b2349, Key type:EC, Length:256, Cert Id:605045429, Valid from:11/9/22, 6:58 AM, Valid until:11/9/23, 6:58 AM
2022-11-10 05:59:32,566 [DEBUG] [main                ] [c.r.s.LmdbStoreManagerImpl   ]- Creating LMDB environment: rnode0/dagstorage
2022-11-10 05:59:32,789 [DEBUG] [main                ] [c.r.s.LmdbStoreManagerImpl   ]- Creating LMDB database: last-finalized-block, env: rnode0/dagstorage
2022-11-10 05:59:32,811 [INFO ] [main                ] [c.r.b.dag.BlockMetadataStore$]- Building in-memory blockMetadataStore.
2022-11-10 05:59:32,812 [DEBUG] [main                ] [c.r.s.LmdbStoreManagerImpl   ]- Creating LMDB database: block-metadata, env: rnode0/dagstorage
2022-11-10 05:59:32,858 [INFO ] [main                ] [c.r.b.dag.BlockMetadataStore$]- Reading data from blockMetadataStore done.
2022-11-10 05:59:32,898 [INFO ] [main                ] [c.r.b.dag.BlockMetadataStore$]- Successfully built in-memory blockMetadataStore.
2022-11-10 05:59:32,913 [DEBUG] [main                ] [c.r.s.LmdbStoreManagerImpl   ]- Creating LMDB environment: rnode0/casperbuffer
2022-11-10 05:59:32,915 [DEBUG] [main                ] [c.r.s.LmdbStoreManagerImpl   ]- Creating LMDB database: parents-map, env: rnode0/casperbuffer
2022-11-10 05:59:33,020 [DEBUG] [main                ] [c.r.s.LmdbStoreManagerImpl   ]- Creating LMDB environment: rnode0/eval/history
2022-11-10 05:59:33,022 [DEBUG] [main                ] [c.r.s.LmdbStoreManagerImpl   ]- Creating LMDB database: eval-roots, env: rnode0/eval/history
2022-11-10 05:59:33,047 [DEBUG] [main                ] [c.r.s.LmdbStoreManagerImpl   ]- Creating LMDB database: eval-history, env: rnode0/eval/history
2022-11-10 05:59:34,999 [DEBUG] [main                ] [c.r.s.LmdbStoreManagerImpl   ]- Creating LMDB environment: rnode0/rspace/history
2022-11-10 05:59:35,000 [DEBUG] [main                ] [c.r.s.LmdbStoreManagerImpl   ]- Creating LMDB database: rspace-roots, env: rnode0/rspace/history
2022-11-10 05:59:35,001 [DEBUG] [main                ] [c.r.s.LmdbStoreManagerImpl   ]- Creating LMDB database: rspace-history, env: rnode0/rspace/history
2022-11-10 05:59:35,344 [DEBUG] [main                ] [c.r.s.LmdbStoreManagerImpl   ]- Creating LMDB database: blocks-approved, env: rnode0/dagstorage
2022-11-10 05:59:35,505 [INFO ] [main                ] [c.r.c.e.CasperLaunch$$anon$1 ]- Approved block found, reconnecting to existing network
2022-11-10 05:59:35,537 [INFO ] [main                ] [c.r.casper.engine.Engine$    ]- Making a transition to Running state. Approved Block #0 (b40a4edf16...) with empty parents (supposedly genesis)
2022-11-10 05:59:35,548 [INFO ] [main                ] [c.r.node.runtime.NodeRuntime ]- Starting stand-alone node.
2022-11-10 05:59:37,026 [INFO ] [main                ] [c.r.n.r.ServersInstances$    ]- HTTP API server started at localhost:40403
2022-11-10 05:59:37,038 [INFO ] [main                ] [c.r.n.r.ServersInstances$    ]- Admin HTTP API server started at localhost:40405
2022-11-10 05:59:37,163 [DEBUG] [node-runner-20      ] [c.r.c.MultiParentCasperImpl  ]- Requesting CasperBuffer pendant hashes, 0 items.
2022-11-10 05:59:37,169 [DEBUG] [node-runner-20      ] [.r.c.e.BlockRetriever$$anon$1]- Running BlockRetriever maintenance (0 items unexpired).
2022-11-10 05:59:37,188 [INFO ] [node-runner-19      ] [c.r.c.util.comm.CommUtilOps  ]- Requested fork tip from peers
2022-11-10 05:59:37,194 [INFO ] [node-runner-19      ] [c.r.c.e.CasperLaunch$$anon$1 ]- Checking pendant hashes: 0 items in CasperBuffer.
2022-11-10 05:59:37,264 [INFO ] [node-runner-21      ] [c.r.n.r.ServersInstances$    ]- Internal API server started at 192.168.152.130:40402
2022-11-10 05:59:37,264 [INFO ] [node-runner-18      ] [c.r.n.r.ServersInstances$    ]- External API server started at localhost:40401
2022-11-10 05:59:37,264 [INFO ] [node-runner-24      ] [c.r.n.r.ServersInstances$    ]- Kademlia RPC server started at 192.168.152.130:40404
2022-11-10 05:59:37,298 [DEBUG] [node-runner-23      ] [jdk.event.security           ]- X509Certificate: Alg:SHA256withRSA, Serial:752bd03efd500194, Subject:CN=example.com, Issuer:CN=example.com, Key type:RSA, Length:2048, Cert Id:1467855822, Valid from:4/6/18, 3:06 PM, Valid until:12/31/99, 3:59 PM
2022-11-10 05:59:37,520 [INFO ] [node-runner-23      ] [c.r.n.r.ServersInstances$    ]- Listening for traffic on rnode://8228031cb2f316bcd488bc8e7a69fdffa64b2349@192.168.152.130?protocol=40400&discovery=40404.
2022-11-10 06:00:07,174 [DEBUG] [node-runner-19      ] [c.r.c.MultiParentCasperImpl  ]- Requesting CasperBuffer pendant hashes, 0 items.
2022-11-10 06:00:07,174 [DEBUG] [node-runner-19      ] [.r.c.e.BlockRetriever$$anon$1]- Running BlockRetriever maintenance (0 items unexpired).
2022-11-10 06:00:37,175 [DEBUG] [node-runner-24      ] [c.r.c.MultiParentCasperImpl  ]- Requesting CasperBuffer pendant hashes, 0 items.
2022-11-10 06:00:37,175 [DEBUG] [node-runner-24      ] [.r.c.e.BlockRetriever$$anon$1]- Running BlockRetriever maintenance (0 items unexpired).
2022-11-10 06:01:07,177 [DEBUG] [node-runner-24      ] [c.r.c.MultiParentCasperImpl  ]- Requesting CasperBuffer pendant hashes, 0 items.
2022-11-10 06:01:07,178 [DEBUG] [node-runner-24      ] [.r.c.e.BlockRetriever$$anon$1]- Running BlockRetriever maintenance (0 items unexpired).
2022-11-10 06:01:37,182 [DEBUG] [node-runner-22      ] [c.r.c.MultiParentCasperImpl  ]- Requesting CasperBuffer pendant hashes, 0 items.
2022-11-10 06:01:37,182 [DEBUG] [node-runner-22      ] [.r.c.e.BlockRetriever$$anon$1]- Running BlockRetriever maintenance (0 items unexpired).
2022-11-10 06:02:07,185 [DEBUG] [node-runner-19      ] [c.r.c.MultiParentCasperImpl  ]- Requesting CasperBuffer pendant hashes, 0 items.
2022-11-10 06:02:07,185 [DEBUG] [node-runner-19      ] [.r.c.e.BlockRetriever$$anon$1]- Running BlockRetriever maintenance (0 items unexpired).
2022-11-10 06:02:37,188 [DEBUG] [node-runner-21      ] [c.r.c.MultiParentCasperImpl  ]- Requesting CasperBuffer pendant hashes, 0 items.
2022-11-10 06:02:37,189 [DEBUG] [node-runner-21      ] [.r.c.e.BlockRetriever$$anon$1]- Running BlockRetriever maintenance (0 items unexpired).
2022-11-10 06:03:07,191 [DEBUG] [node-runner-24      ] [c.r.c.MultiParentCasperImpl  ]- Requesting CasperBuffer pendant hashes, 0 items.
2022-11-10 06:03:07,191 [DEBUG] [node-runner-24      ] [.r.c.e.BlockRetriever$$anon$1]- Running BlockRetriever maintenance (0 items unexpired).
2022-11-10 06:03:37,193 [DEBUG] [node-runner-22      ] [c.r.c.MultiParentCasperImpl  ]- Requesting CasperBuffer pendant hashes, 0 items.
2022-11-10 06:03:37,193 [DEBUG] [node-runner-22      ] [.r.c.e.BlockRetriever$$anon$1]- Running BlockRetriever maintenance (0 items unexpired).
2022-11-10 06:03:41,316 [DEBUG] [c-nio-worker-ELG-3-1] [io.perfmark.PerfMark         ]- Error during PerfMark.<clinit>
java.lang.ClassNotFoundException: io.perfmark.impl.SecretPerfMarkImpl$PerfMarkImpl
	at java.base/jdk.internal.loader.BuiltinClassLoader.loadClass(BuiltinClassLoader.java:581)
	at java.base/jdk.internal.loader.ClassLoaders$AppClassLoader.loadClass(ClassLoaders.java:178)
	at java.base/java.lang.ClassLoader.loadClass(ClassLoader.java:522)
	at java.base/java.lang.Class.forName0(Native Method)
	at java.base/java.lang.Class.forName(Class.java:315)
	at io.perfmark.PerfMark.<clinit>(PerfMark.java:36)
	at io.grpc.netty.NettyServerStream$TransportState.<init>(NettyServerStream.java:225)
	at io.grpc.netty.NettyServerHandler.onHeadersRead(NettyServerHandler.java:439)
	at io.grpc.netty.NettyServerHandler.access$900(NettyServerHandler.java:101)
	at io.grpc.netty.NettyServerHandler$FrameListener.onHeadersRead(NettyServerHandler.java:813)
	at io.netty.handler.codec.http2.DefaultHttp2ConnectionDecoder$FrameReadListener.onHeadersRead(DefaultHttp2ConnectionDecoder.java:373)
	at io.netty.handler.codec.http2.Http2InboundFrameLogger$1.onHeadersRead(Http2InboundFrameLogger.java:65)
	at io.netty.handler.codec.http2.DefaultHttp2FrameReader$1.processFragment(DefaultHttp2FrameReader.java:457)
	at io.netty.handler.codec.http2.DefaultHttp2FrameReader.readHeadersFrame(DefaultHttp2FrameReader.java:464)
	at io.netty.handler.codec.http2.DefaultHttp2FrameReader.processPayloadState(DefaultHttp2FrameReader.java:254)
	at io.netty.handler.codec.http2.DefaultHttp2FrameReader.readFrame(DefaultHttp2FrameReader.java:160)
	at io.netty.handler.codec.http2.Http2InboundFrameLogger.readFrame(Http2InboundFrameLogger.java:41)
	at io.netty.handler.codec.http2.DefaultHttp2ConnectionDecoder.decodeFrame(DefaultHttp2ConnectionDecoder.java:174)
	at io.netty.handler.codec.http2.Http2ConnectionHandler$FrameDecoder.decode(Http2ConnectionHandler.java:378)
	at io.netty.handler.codec.http2.Http2ConnectionHandler.decode(Http2ConnectionHandler.java:438)
	at io.netty.handler.codec.ByteToMessageDecoder.decodeRemovalReentryProtection(ByteToMessageDecoder.java:498)
	at io.netty.handler.codec.ByteToMessageDecoder.callDecode(ByteToMessageDecoder.java:437)
	at io.netty.handler.codec.ByteToMessageDecoder.channelRead(ByteToMessageDecoder.java:276)
	at io.netty.channel.AbstractChannelHandlerContext.invokeChannelRead(AbstractChannelHandlerContext.java:379)
	at io.netty.channel.AbstractChannelHandlerContext.invokeChannelRead(AbstractChannelHandlerContext.java:365)
	at io.netty.channel.AbstractChannelHandlerContext.fireChannelRead(AbstractChannelHandlerContext.java:357)
	at io.netty.channel.DefaultChannelPipeline$HeadContext.channelRead(DefaultChannelPipeline.java:1410)
	at io.netty.channel.AbstractChannelHandlerContext.invokeChannelRead(AbstractChannelHandlerContext.java:379)
	at io.netty.channel.AbstractChannelHandlerContext.invokeChannelRead(AbstractChannelHandlerContext.java:365)
	at io.netty.channel.DefaultChannelPipeline.fireChannelRead(DefaultChannelPipeline.java:919)
	at io.netty.channel.nio.AbstractNioByteChannel$NioByteUnsafe.read(AbstractNioByteChannel.java:163)
	at io.netty.channel.nio.NioEventLoop.processSelectedKey(NioEventLoop.java:714)
	at io.netty.channel.nio.NioEventLoop.processSelectedKeysOptimized(NioEventLoop.java:650)
	at io.netty.channel.nio.NioEventLoop.processSelectedKeys(NioEventLoop.java:576)
	at io.netty.channel.nio.NioEventLoop.run(NioEventLoop.java:493)
	at io.netty.util.concurrent.SingleThreadEventExecutor$4.run(SingleThreadEventExecutor.java:989)
	at io.netty.util.internal.ThreadExecutorMap$2.run(ThreadExecutorMap.java:74)
	at io.netty.util.concurrent.FastThreadLocalRunnable.run(FastThreadLocalRunnable.java:30)
	at java.base/java.lang.Thread.run(Thread.java:829)
2022-11-10 06:03:41,611 [DEBUG] [c-nio-worker-ELG-3-2] [jdk.event.security           ]- X509Certificate: Alg:SHA256withECDSA, Serial:d2d9b2de0198f027, Subject:CN=9003f52bd8868aeca1b1bf3fd0c96ad3af87137c, Issuer:CN=9003f52bd8868aeca1b1bf3fd0c96ad3af87137c, Key type:EC, Length:256, Cert Id:1597174595, Valid from:11/9/22, 10:03 PM, Valid until:11/9/23, 10:03 PM
2022-11-10 06:03:41,663 [INFO ] [node-runner-22      ] [GrpcTransportReceiver$$anon$1]- Creating inbound message queue for rnode://9003f52bd8868aeca1b1bf3fd0c96ad3af87137c@192.168.152.129?protocol=40400&discovery=40404.
2022-11-10 06:03:41,770 [INFO ] [node-runner-21      ] [c.r.c.t.GrpcTransportClient  ]- Creating new channel to peer rnode://9003f52bd8868aeca1b1bf3fd0c96ad3af87137c@192.168.152.129?protocol=40400&discovery=40404
2022-11-10 06:03:41,980 [INFO ] [node-runner-21      ] [c.r.comm.rp.HandleMessages$  ]- Responded to protocol handshake request from rnode://9003f52bd8868aeca1b1bf3fd0c96ad3af87137c@192.168.152.129?protocol=40400&discovery=40404
2022-11-10 06:03:41,982 [INFO ] [node-runner-21      ] [coop.rchain.comm.rp.Connect$ ]- Peers: 1
2022-11-10 06:03:42,934 [DEBUG] [node-runner-22      ] [c.r.s.LmdbStoreManagerImpl   ]- Creating LMDB database: latest-messages, env: rnode0/dagstorage
2022-11-10 06:03:42,939 [DEBUG] [node-runner-22      ] [c.r.s.LmdbStoreManagerImpl   ]- Creating LMDB database: invalid-blocks, env: rnode0/dagstorage
2022-11-10 06:03:42,953 [DEBUG] [node-runner-22      ] [c.r.s.LmdbStoreManagerImpl   ]- Creating LMDB environment: rnode0/blockstorage
2022-11-10 06:03:42,956 [DEBUG] [node-runner-22      ] [c.r.s.LmdbStoreManagerImpl   ]- Creating LMDB database: blocks, env: rnode0/blockstorage
2022-11-10 06:03:43,000 [INFO ] [node-runner-22      ] [c.r.casper.engine.Running$   ]- Received ApprovedBlockRequest from rnode://9003f52bd8868aeca1b1bf3fd0c96ad3af87137c@192.168.152.129?protocol=40400&discovery=40404
2022-11-10 06:03:43,072 [DEBUG] [node-runner-22      ] [c.r.c.t.StreamObservable     ]- Pushing message to rnode://9003f52bd8868aeca1b1bf3fd0c96ad3af87137c@192.168.152.129?protocol=40400&discovery=40404 stream message queue.
2022-11-10 06:03:43,078 [INFO ] [node-runner-22      ] [c.r.casper.engine.Running$   ]- ApprovedBlock sent to rnode://9003f52bd8868aeca1b1bf3fd0c96ad3af87137c@192.168.152.129?protocol=40400&discovery=40404
2022-11-10 06:03:43,082 [DEBUG] [node-runner-21      ] [c.r.c.t.GrpcTransportClient  ]- Attempting to stream packet to rnode://9003f52bd8868aeca1b1bf3fd0c96ad3af87137c@192.168.152.129?protocol=40400&discovery=40404 with timeout: 5000ms
2022-11-10 06:03:43,244 [DEBUG] [node-runner-21      ] [c.r.c.t.GrpcTransportClient  ]- Streamed packet packet_receive//20221109220343_d7c50bb6 to rnode://9003f52bd8868aeca1b1bf3fd0c96ad3af87137c@192.168.152.129?protocol=40400&discovery=40404
2022-11-10 06:03:43,668 [INFO ] [node-runner-21      ] [c.r.casper.engine.Running    ]- Received request for store items, startPath: [--:ab05de74], chunk: 750, skip: 0, from: rnode://9003f52bd8868aeca1b1bf3fd0c96ad3af87137c@192.168.152.129?protocol=40400&discovery=40404
2022-11-10 06:03:43,674 [INFO ] [node-runner-19      ] [c.r.casper.engine.Running$   ]- Received request for block b40a4edf16... from rnode://9003f52bd8868aeca1b1bf3fd0c96ad3af87137c@192.168.152.129?protocol=40400&discovery=40404. Response sent.
2022-11-10 06:03:43,714 [DEBUG] [node-runner-19      ] [c.r.c.t.StreamObservable     ]- Pushing message to rnode://9003f52bd8868aeca1b1bf3fd0c96ad3af87137c@192.168.152.129?protocol=40400&discovery=40404 stream message queue.
2022-11-10 06:03:43,715 [DEBUG] [node-runner-22      ] [c.r.c.t.GrpcTransportClient  ]- Attempting to stream packet to rnode://9003f52bd8868aeca1b1bf3fd0c96ad3af87137c@192.168.152.129?protocol=40400&discovery=40404 with timeout: 5000ms
2022-11-10 06:03:43,742 [INFO ] [node-runner-18      ] [.r.r.s.e.RSpaceExporterItems$]- Traverse history tree [72.351775 ms]
2022-11-10 06:03:43,755 [INFO ] [node-runner-18      ] [.r.r.s.e.RSpaceExporterItems$]- Get history by keys [3.007064 ms]
2022-11-10 06:03:43,757 [DEBUG] [node-runner-18      ] [c.r.s.LmdbStoreManagerImpl   ]- Creating LMDB environment: rnode0/rspace/cold
2022-11-10 06:03:43,760 [DEBUG] [node-runner-18      ] [c.r.s.LmdbStoreManagerImpl   ]- Creating LMDB database: rspace-cold, env: rnode0/rspace/cold
2022-11-10 06:03:43,781 [DEBUG] [node-runner-22      ] [c.r.c.t.GrpcTransportClient  ]- Streamed packet packet_receive//20221109220343_c1f96fa6 to rnode://9003f52bd8868aeca1b1bf3fd0c96ad3af87137c@192.168.152.129?protocol=40400&discovery=40404
2022-11-10 06:03:43,785 [INFO ] [node-runner-18      ] [.r.r.s.e.RSpaceExporterItems$]- Get data by keys [28.440148 ms]
2022-11-10 06:03:43,788 [INFO ] [node-runner-18      ] [c.r.casper.engine.Running$   ]- Read StoreItems(history: 54, data: 306, start: [--:ab05de74], last: [--:8cb82a93])
2022-11-10 06:03:43,810 [DEBUG] [node-runner-18      ] [c.r.c.t.StreamObservable     ]- Pushing message to rnode://9003f52bd8868aeca1b1bf3fd0c96ad3af87137c@192.168.152.129?protocol=40400&discovery=40404 stream message queue.
2022-11-10 06:03:43,811 [DEBUG] [node-runner-22      ] [c.r.c.t.GrpcTransportClient  ]- Attempting to stream packet to rnode://9003f52bd8868aeca1b1bf3fd0c96ad3af87137c@192.168.152.129?protocol=40400&discovery=40404 with timeout: 5000ms
2022-11-10 06:03:43,811 [INFO ] [node-runner-18      ] [c.r.casper.engine.Running$   ]- Store items sent to rnode://9003f52bd8868aeca1b1bf3fd0c96ad3af87137c@192.168.152.129?protocol=40400&discovery=40404
2022-11-10 06:03:43,875 [DEBUG] [node-runner-22      ] [c.r.c.t.GrpcTransportClient  ]- Streamed packet packet_receive//20221109220343_2f7ee8f1 to rnode://9003f52bd8868aeca1b1bf3fd0c96ad3af87137c@192.168.152.129?protocol=40400&discovery=40404
2022-11-10 06:03:43,917 [INFO ] [node-runner-22      ] [c.r.casper.engine.Running    ]- Received request for store items, startPath: [--:8cb82a93], chunk: 750, skip: 0, from: rnode://9003f52bd8868aeca1b1bf3fd0c96ad3af87137c@192.168.152.129?protocol=40400&discovery=40404
2022-11-10 06:03:43,919 [INFO ] [node-runner-22      ] [.r.r.s.e.RSpaceExporterItems$]- Traverse history tree [1.841725 ms]
2022-11-10 06:03:43,920 [INFO ] [node-runner-22      ] [.r.r.s.e.RSpaceExporterItems$]- Get history by keys [0.184736 ms]
2022-11-10 06:03:43,920 [INFO ] [node-runner-22      ] [.r.r.s.e.RSpaceExporterItems$]- Get data by keys [0.272954 ms]
2022-11-10 06:03:43,921 [INFO ] [node-runner-22      ] [c.r.casper.engine.Running$   ]- Read StoreItems(history: 1, data: 2, start: [--:8cb82a93], last: [--:8cb82a93])
2022-11-10 06:03:43,921 [DEBUG] [node-runner-22      ] [c.r.c.t.StreamObservable     ]- Pushing message to rnode://9003f52bd8868aeca1b1bf3fd0c96ad3af87137c@192.168.152.129?protocol=40400&discovery=40404 stream message queue.
2022-11-10 06:03:43,922 [INFO ] [node-runner-22      ] [c.r.casper.engine.Running$   ]- Store items sent to rnode://9003f52bd8868aeca1b1bf3fd0c96ad3af87137c@192.168.152.129?protocol=40400&discovery=40404
2022-11-10 06:03:43,922 [DEBUG] [node-runner-18      ] [c.r.c.t.GrpcTransportClient  ]- Attempting to stream packet to rnode://9003f52bd8868aeca1b1bf3fd0c96ad3af87137c@192.168.152.129?protocol=40400&discovery=40404 with timeout: 5000ms
2022-11-10 06:03:43,928 [DEBUG] [node-runner-18      ] [c.r.c.t.GrpcTransportClient  ]- Streamed packet packet_receive//20221109220343_c0e09193 to rnode://9003f52bd8868aeca1b1bf3fd0c96ad3af87137c@192.168.152.129?protocol=40400&discovery=40404
2022-11-10 06:03:44,206 [INFO ] [node-runner-18      ] [c.r.casper.engine.Running$   ]- Received ForkChoiceTipRequest from 192.168.152.129
2022-11-10 06:03:44,237 [INFO ] [node-runner-18      ] [c.r.casper.engine.Running$   ]- Sending tips [b40a4edf16...] to 192.168.152.129
2022-11-10 06:03:57,701 [DEBUG] [node-runner-21      ] [c.r.c.safety.CliqueOracle$   ]- Calculating fault tolerance for b40a4edf167e170b09f53540157a77bbafd31b8a855cc6c36e181c617d419008.
2022-11-10 06:03:57,804 [DEBUG] [node-runner-21      ] [c.r.s.LmdbStoreManagerImpl   ]- Creating LMDB database: equivocation-tracker, env: rnode0/dagstorage
2022-11-10 06:03:58,425 [DEBUG] [node-runner-21      ] [c.r.s.LmdbStoreManagerImpl   ]- Creating LMDB environment: rnode0/deploystorage
2022-11-10 06:03:58,427 [DEBUG] [node-runner-21      ] [c.r.s.LmdbStoreManagerImpl   ]- Creating LMDB database: deploy_storage, env: rnode0/deploystorage
2022-11-10 06:03:58,432 [INFO ] [node-runner-21      ] [c.r.c.MultiParentCasperImpl  ]- Received DeployData #1668060237360 -- new message in {
	contract @{"global_factory"}(getInfo, setInfo) = {
		contract getInfo(ret) = {
			for (msg <- message){
				ret!(*msg)
				|
				message!(*msg)
			}
		}
		|
		contract setInfo(newMessage) = {
			for (msg <- message) {
				message!(*newMessage)
			}
		}
	}
	|
	message!("Hello")
}
, Sig: 304402205e09325d33e3...9dc29b3254bfb6ed90ad, SigAlgorithm: secp256k1, ValidAfterBlockNumber: -1
2022-11-10 06:03:58,478 [INFO ] [node-runner-25      ] [c.r.n.i.ProposerInstance$    ]- Propose started
2022-11-10 06:04:00,541 [INFO ] [node-runner-24      ] [c.r.c.b.proposer.Proposer    ]- getCasperSnapshot [2.059656244 sec]
2022-11-10 06:04:00,552 [INFO ] [node-runner-20      ] [alizedHeightConstraintChecker]- Latest message is 0 blocks ahead of the last finalized block
2022-11-10 06:04:00,564 [INFO ] [node-runner-21      ] [c.r.c.b.p.BlockCreator$      ]- Creating block #1 (seqNum 1)
2022-11-10 06:04:00,678 [INFO ] [node-runner-19      ] [c.r.casper.rholang.RuntimeOps]- PreCharging 045fe473dfecbf8f2c9043ce85380423f860e551c701078879f76b0ab5519074e5f1eac8ea7ebf4d503b36733e388a1774b01b3a8f93d2010a9b66202b97c45ed7 for 100000
2022-11-10 06:04:02,032 [INFO ] [node-runner-22      ] [c.r.casper.rholang.RuntimeOps]- Refunding 045fe473dfecbf8f2c9043ce85380423f860e551c701078879f76b0ab5519074e5f1eac8ea7ebf4d503b36733e388a1774b01b3a8f93d2010a9b66202b97c45ed7 with 98576
2022-11-10 06:04:03,350 [DEBUG] [node-runner-21      ] [c.r.s.LmdbStoreManagerImpl   ]- Creating LMDB database: mergeable-channel-cache, env: rnode0/dagstorage
2022-11-10 06:04:03,752 [INFO ] [node-runner-23      ] [c.r.c.b.p.BlockCreator$      ]- Block created: #1 (0bfb60d859...) (1d) [3.18709602 sec]
2022-11-10 06:04:03,764 [INFO ] [node-runner-23      ] [c.r.c.MultiParentCasperImpl  ]- Validating block #1 (0bfb60d859...).
2022-11-10 06:04:03,864 [INFO ] [node-runner-23      ] [c.r.c.u.r.InterpreterUtil$   ]- Computed parents post state for Block #1 (0bfb60d859...) -- Sender ID 0431cdf19e... -- M Parent Hash b40a4edf16... -- Contents a96acc6a52...-- Shard ID root.
2022-11-10 06:04:06,054 [INFO ] [node-runner-19      ] [c.r.c.EquivocationDetector$  ]- Calculate checkNeglectedEquivocationsWithUpdate
2022-11-10 06:04:06,060 [INFO ] [node-runner-19      ] [c.r.c.EquivocationDetector$  ]- Calculate checkEquivocations.
2022-11-10 06:04:06,063 [INFO ] [node-runner-19      ] [c.r.c.MultiParentCasperImpl  ]- Block replayed: #1 (0bfb60d859...) (1d) (Valid) [2.297147129 sec]
2022-11-10 06:04:06,585 [DEBUG] [node-runner-21      ] [c.r.s.LmdbStoreManagerImpl   ]- Creating LMDB database: deploy-index, env: rnode0/dagstorage
2022-11-10 06:04:06,627 [INFO ] [node-runner-21      ] [.r.c.e.BlockRetriever$$anon$1]- Block 0bfb60d859... is not in RequestedBlocks. Adding and marking recieved.
2022-11-10 06:04:06,637 [INFO ] [node-runner-21      ] [c.r.c.util.comm.CommUtilOps  ]- Sent hash 0bfb60d859... to peers
2022-11-10 06:04:06,647 [INFO ] [node-runner-20      ] [c.rchain.casper.api.BlockAPI$]- Success! Block 0bfb60d8593e8b714be7825c66af5ae35ff309d3c21956e4ae3281570b02dec4 created and added.
2022-11-10 06:04:06,649 [INFO ] [node-runner-21      ] [c.r.n.i.ProposerInstance$    ]- Propose finished: ProposeSuccess(Valid) Block #1 (0bfb60d859...) created and added.
2022-11-10 06:04:06,655 [INFO ] [node-runner-25      ] [c.r.casper.engine.Running$   ]- Received request for block 0bfb60d859... from rnode://9003f52bd8868aeca1b1bf3fd0c96ad3af87137c@192.168.152.129?protocol=40400&discovery=40404. Response sent.
2022-11-10 06:04:06,659 [DEBUG] [node-runner-25      ] [c.r.c.t.StreamObservable     ]- Pushing message to rnode://9003f52bd8868aeca1b1bf3fd0c96ad3af87137c@192.168.152.129?protocol=40400&discovery=40404 stream message queue.
2022-11-10 06:04:06,660 [DEBUG] [node-runner-19      ] [c.r.c.t.GrpcTransportClient  ]- Attempting to stream packet to rnode://9003f52bd8868aeca1b1bf3fd0c96ad3af87137c@192.168.152.129?protocol=40400&discovery=40404 with timeout: 5000ms
2022-11-10 06:04:06,683 [DEBUG] [node-runner-19      ] [c.r.c.t.GrpcTransportClient  ]- Streamed packet packet_receive//20221109220406_72fb8e4b to rnode://9003f52bd8868aeca1b1bf3fd0c96ad3af87137c@192.168.152.129?protocol=40400&discovery=40404
2022-11-10 06:04:07,194 [DEBUG] [node-runner-24      ] [c.r.c.MultiParentCasperImpl  ]- Requesting CasperBuffer pendant hashes, 0 items.
2022-11-10 06:04:07,195 [DEBUG] [node-runner-24      ] [.r.c.e.BlockRetriever$$anon$1]- Running BlockRetriever maintenance (1 items unexpired).
2022-11-10 06:04:12,171 [DEBUG] [node-runner-20      ] [c.r.casper.engine.Running$   ]- Ignoring 0bfb60d859... hash broadcast
2022-11-10 06:04:37,200 [DEBUG] [node-runner-24      ] [c.r.c.MultiParentCasperImpl  ]- Requesting CasperBuffer pendant hashes, 0 items.
2022-11-10 06:04:37,201 [DEBUG] [node-runner-24      ] [.r.c.e.BlockRetriever$$anon$1]- Running BlockRetriever maintenance (1 items unexpired).
2022-11-10 06:05:07,202 [DEBUG] [node-runner-21      ] [c.r.c.MultiParentCasperImpl  ]- Requesting CasperBuffer pendant hashes, 0 items.
2022-11-10 06:05:07,202 [DEBUG] [node-runner-21      ] [.r.c.e.BlockRetriever$$anon$1]- Running BlockRetriever maintenance (1 items unexpired).
2022-11-10 06:05:37,204 [DEBUG] [node-runner-24      ] [c.r.c.MultiParentCasperImpl  ]- Requesting CasperBuffer pendant hashes, 0 items.
2022-11-10 06:05:37,204 [DEBUG] [node-runner-24      ] [.r.c.e.BlockRetriever$$anon$1]- Running BlockRetriever maintenance (1 items unexpired).
2022-11-10 06:06:07,206 [DEBUG] [node-runner-24      ] [c.r.c.MultiParentCasperImpl  ]- Requesting CasperBuffer pendant hashes, 0 items.
2022-11-10 06:06:07,206 [DEBUG] [node-runner-24      ] [.r.c.e.BlockRetriever$$anon$1]- Running BlockRetriever maintenance (1 items unexpired).
2022-11-10 06:06:37,209 [DEBUG] [node-runner-20      ] [c.r.c.MultiParentCasperImpl  ]- Requesting CasperBuffer pendant hashes, 0 items.
2022-11-10 06:06:37,212 [DEBUG] [node-runner-20      ] [.r.c.e.BlockRetriever$$anon$1]- Running BlockRetriever maintenance (1 items unexpired).
2022-11-10 06:07:07,215 [DEBUG] [node-runner-21      ] [c.r.c.MultiParentCasperImpl  ]- Requesting CasperBuffer pendant hashes, 0 items.
2022-11-10 06:07:07,215 [DEBUG] [node-runner-21      ] [.r.c.e.BlockRetriever$$anon$1]- Running BlockRetriever maintenance (1 items unexpired).
2022-11-10 06:07:37,217 [DEBUG] [node-runner-24      ] [c.r.c.MultiParentCasperImpl  ]- Requesting CasperBuffer pendant hashes, 0 items.
2022-11-10 06:07:37,217 [DEBUG] [node-runner-24      ] [.r.c.e.BlockRetriever$$anon$1]- Running BlockRetriever maintenance (1 items unexpired).
2022-11-10 06:08:07,219 [DEBUG] [node-runner-19      ] [c.r.c.MultiParentCasperImpl  ]- Requesting CasperBuffer pendant hashes, 0 items.
2022-11-10 06:08:07,219 [DEBUG] [node-runner-19      ] [.r.c.e.BlockRetriever$$anon$1]- Running BlockRetriever maintenance (1 items unexpired).
2022-11-10 06:08:37,221 [DEBUG] [node-runner-25      ] [c.r.c.MultiParentCasperImpl  ]- Requesting CasperBuffer pendant hashes, 0 items.
2022-11-10 06:08:37,221 [DEBUG] [node-runner-25      ] [.r.c.e.BlockRetriever$$anon$1]- Running BlockRetriever maintenance (0 items unexpired).
2022-11-10 06:09:07,224 [DEBUG] [node-runner-24      ] [c.r.c.MultiParentCasperImpl  ]- Requesting CasperBuffer pendant hashes, 0 items.
2022-11-10 06:09:07,224 [DEBUG] [node-runner-24      ] [.r.c.e.BlockRetriever$$anon$1]- Running BlockRetriever maintenance (0 items unexpired).
2022-11-10 06:09:12,862 [DEBUG] [node-runner-21      ] [c.r.c.safety.CliqueOracle$   ]- Calculating fault tolerance for 0bfb60d8593e8b714be7825c66af5ae35ff309d3c21956e4ae3281570b02dec4.
2022-11-10 06:09:12,919 [INFO ] [node-runner-23      ] [c.r.c.MultiParentCasperImpl  ]- Received DeployData #1668060552818 -- new getInfo, setInfo in {
    @{"global_factory"}!(*getInfo, *setInfo)
    |
    setInfo!("HHH")
  }, Sig: 304402206b2d15939759...8a1f2e13315686c5c2a5, SigAlgorithm: secp256k1, ValidAfterBlockNumber: 1
2022-11-10 06:09:12,933 [INFO ] [node-runner-24      ] [c.r.n.i.ProposerInstance$    ]- Propose started
2022-11-10 06:09:13,180 [INFO ] [node-runner-21      ] [c.r.c.b.proposer.Proposer    ]- getCasperSnapshot [246.988648 ms]
2022-11-10 06:09:13,181 [INFO ] [node-runner-18      ] [alizedHeightConstraintChecker]- Latest message is 1 blocks ahead of the last finalized block
2022-11-10 06:09:13,415 [INFO ] [node-runner-24      ] [.c.SynchronyConstraintChecker]- Seen 0 senders with weight 0 out of total 13 (0.0 out of 0.0 needed)
2022-11-10 06:09:13,417 [INFO ] [node-runner-24      ] [c.r.c.b.p.BlockCreator$      ]- Creating block #2 (seqNum 2)
2022-11-10 06:09:13,455 [INFO ] [node-runner-22      ] [c.r.casper.rholang.RuntimeOps]- PreCharging 045fe473dfecbf8f2c9043ce85380423f860e551c701078879f76b0ab5519074e5f1eac8ea7ebf4d503b36733e388a1774b01b3a8f93d2010a9b66202b97c45ed7 for 100000
2022-11-10 06:09:14,040 [INFO ] [node-runner-21      ] [c.r.casper.rholang.RuntimeOps]- Refunding 045fe473dfecbf8f2c9043ce85380423f860e551c701078879f76b0ab5519074e5f1eac8ea7ebf4d503b36733e388a1774b01b3a8f93d2010a9b66202b97c45ed7 with 97924
2022-11-10 06:09:15,035 [INFO ] [node-runner-18      ] [c.r.c.b.p.BlockCreator$      ]- Block created: #2 (4234925b4e...) (1d) [1.618315496 sec]
2022-11-10 06:09:15,036 [INFO ] [node-runner-18      ] [c.r.c.MultiParentCasperImpl  ]- Validating block #2 (4234925b4e...).
2022-11-10 06:09:15,060 [INFO ] [node-runner-18      ] [c.r.c.u.r.InterpreterUtil$   ]- Computed parents post state for Block #2 (4234925b4e...) -- Sender ID 0431cdf19e... -- M Parent Hash 0bfb60d859... -- Contents 8c034a1ccb...-- Shard ID root.
2022-11-10 06:09:16,473 [INFO ] [node-runner-19      ] [c.r.c.EquivocationDetector$  ]- Calculate checkNeglectedEquivocationsWithUpdate
2022-11-10 06:09:16,474 [INFO ] [node-runner-19      ] [c.r.c.EquivocationDetector$  ]- Calculate checkEquivocations.
2022-11-10 06:09:16,474 [INFO ] [node-runner-19      ] [c.r.c.MultiParentCasperImpl  ]- Block replayed: #2 (4234925b4e...) (1d) (Valid) [1.438008563 sec]
2022-11-10 06:09:16,631 [INFO ] [node-runner-18      ] [.r.c.e.BlockRetriever$$anon$1]- Block 4234925b4e... is not in RequestedBlocks. Adding and marking recieved.
2022-11-10 06:09:16,638 [INFO ] [node-runner-18      ] [c.r.c.util.comm.CommUtilOps  ]- Sent hash 4234925b4e... to peers
2022-11-10 06:09:16,642 [INFO ] [node-runner-21      ] [c.rchain.casper.api.BlockAPI$]- Success! Block 4234925b4e4af54446b80cc5dfa55da15947fc6adaf1b733ea17f313a4fcd06f created and added.
2022-11-10 06:09:16,642 [INFO ] [node-runner-18      ] [c.r.n.i.ProposerInstance$    ]- Propose finished: ProposeSuccess(Valid) Block #2 (4234925b4e...) created and added.
2022-11-10 06:09:16,644 [INFO ] [node-runner-23      ] [c.r.casper.engine.Running$   ]- Received request for block 4234925b4e... from rnode://9003f52bd8868aeca1b1bf3fd0c96ad3af87137c@192.168.152.129?protocol=40400&discovery=40404. Response sent.
2022-11-10 06:09:16,647 [DEBUG] [node-runner-23      ] [c.r.c.t.StreamObservable     ]- Pushing message to rnode://9003f52bd8868aeca1b1bf3fd0c96ad3af87137c@192.168.152.129?protocol=40400&discovery=40404 stream message queue.
2022-11-10 06:09:16,647 [DEBUG] [node-runner-24      ] [c.r.c.t.GrpcTransportClient  ]- Attempting to stream packet to rnode://9003f52bd8868aeca1b1bf3fd0c96ad3af87137c@192.168.152.129?protocol=40400&discovery=40404 with timeout: 5000ms
2022-11-10 06:09:16,660 [DEBUG] [node-runner-24      ] [c.r.c.t.GrpcTransportClient  ]- Streamed packet packet_receive//20221109220916_3539f845 to rnode://9003f52bd8868aeca1b1bf3fd0c96ad3af87137c@192.168.152.129?protocol=40400&discovery=40404
2022-11-10 06:09:18,824 [DEBUG] [node-runner-25      ] [c.r.casper.engine.Running$   ]- Ignoring 4234925b4e... hash broadcast
2022-11-10 06:09:29,879 [DEBUG] [node-runner-18      ] [c.r.casper.engine.Running$   ]- Incoming BlockHashMessage 961fd7488f... from 192.168.152.129
2022-11-10 06:09:29,882 [INFO ] [node-runner-18      ] [.r.c.e.BlockRetriever$$anon$1]- Adding 961fd7488f... hash to RequestedBlocks because of HashBroadcastRecieved.
2022-11-10 06:09:29,884 [DEBUG] [node-runner-18      ] [c.r.c.util.comm.CommUtil$    ]- Requesting 961fd7488f... from 192.168.152.129. 
2022-11-10 06:09:29,956 [DEBUG] [node-runner-25      ] [c.r.c.t.StreamHandler$       ]- Stream collected.
2022-11-10 06:09:29,959 [DEBUG] [node-runner-25      ] [GrpcTransportReceiver$$anon$1]- Stream chunk pushed to message buffer. Sender 192.168.152.129, message BlockMessage, size 102731, file packet_send//20221109220929_14bb1aaf.
2022-11-10 06:09:29,963 [DEBUG] [node-runner-18      ] [c.r.casper.engine.Running    ]- Incoming BlockMessage #3 (961fd7488f...) from 192.168.152.129
2022-11-10 06:09:29,976 [INFO ] [node-runner-18      ] [r.n.i.BlockProcessorInstance$]- Block #3 (961fd7488f...) processing started.
2022-11-10 06:09:30,194 [INFO ] [node-runner-21      ] [c.r.c.MultiParentCasperImpl  ]- Validating block #3 (961fd7488f...).
2022-11-10 06:09:30,218 [INFO ] [node-runner-21      ] [c.r.c.u.r.InterpreterUtil$   ]- Computed parents post state for Block #3 (961fd7488f...) -- Sender ID 04570e5edf... -- M Parent Hash 4234925b4e... -- Contents 381796b232...-- Shard ID root.
2022-11-10 06:09:31,605 [INFO ] [node-runner-25      ] [c.r.c.EquivocationDetector$  ]- Calculate checkNeglectedEquivocationsWithUpdate
2022-11-10 06:09:31,606 [INFO ] [node-runner-25      ] [c.r.c.EquivocationDetector$  ]- Calculate checkEquivocations.
2022-11-10 06:09:31,606 [INFO ] [node-runner-25      ] [c.r.c.MultiParentCasperImpl  ]- Block replayed: #3 (961fd7488f...) (1d) (Valid) [1.41216546 sec]
2022-11-10 06:09:31,744 [INFO ] [node-runner-22      ] [c.r.c.util.comm.CommUtilOps  ]- Sent hash 961fd7488f... to peers
2022-11-10 06:09:31,747 [INFO ] [node-runner-22      ] [.r.c.e.BlockRetriever$$anon$1]- Block 961fd7488f... marked as received.
2022-11-10 06:09:31,748 [INFO ] [node-runner-22      ] [r.n.i.BlockProcessorInstance$]- Block #3 (961fd7488f...) validated: Right(Valid)
2022-11-10 06:09:31,752 [INFO ] [node-runner-19      ] [r.n.i.BlockProcessorInstance$]- Block #3 (961fd7488f...) processing finished.
2022-11-10 06:09:37,226 [DEBUG] [node-runner-18      ] [c.r.c.MultiParentCasperImpl  ]- Requesting CasperBuffer pendant hashes, 0 items.
2022-11-10 06:09:37,227 [DEBUG] [node-runner-18      ] [.r.c.e.BlockRetriever$$anon$1]- Running BlockRetriever maintenance (2 items unexpired).
2022-11-10 06:09:43,634 [DEBUG] [node-runner-21      ] [c.r.casper.engine.Running$   ]- Incoming BlockHashMessage 9e5969e0ce... from 192.168.152.129
2022-11-10 06:09:43,634 [INFO ] [node-runner-21      ] [.r.c.e.BlockRetriever$$anon$1]- Adding 9e5969e0ce... hash to RequestedBlocks because of HashBroadcastRecieved.
2022-11-10 06:09:43,634 [DEBUG] [node-runner-21      ] [c.r.c.util.comm.CommUtil$    ]- Requesting 9e5969e0ce... from 192.168.152.129. 
2022-11-10 06:09:43,653 [DEBUG] [node-runner-18      ] [c.r.c.t.StreamHandler$       ]- Stream collected.
2022-11-10 06:09:43,654 [DEBUG] [node-runner-18      ] [GrpcTransportReceiver$$anon$1]- Stream chunk pushed to message buffer. Sender 192.168.152.129, message BlockMessage, size 102649, file packet_send//20221109220943_d9359ea8.
2022-11-10 06:09:43,657 [DEBUG] [node-runner-21      ] [c.r.casper.engine.Running    ]- Incoming BlockMessage #4 (9e5969e0ce...) from 192.168.152.129
2022-11-10 06:09:43,661 [INFO ] [node-runner-21      ] [r.n.i.BlockProcessorInstance$]- Block #4 (9e5969e0ce...) processing started.
2022-11-10 06:09:43,872 [INFO ] [node-runner-23      ] [c.r.c.MultiParentCasperImpl  ]- Validating block #4 (9e5969e0ce...).
2022-11-10 06:09:43,894 [INFO ] [node-runner-23      ] [c.r.c.u.r.InterpreterUtil$   ]- Computed parents post state for Block #4 (9e5969e0ce...) -- Sender ID 04570e5edf... -- M Parent Hash 961fd7488f... -- Contents 6db4339778...-- Shard ID root.
2022-11-10 06:09:45,228 [INFO ] [node-runner-23      ] [c.r.c.EquivocationDetector$  ]- Calculate checkNeglectedEquivocationsWithUpdate
2022-11-10 06:09:45,228 [INFO ] [node-runner-23      ] [c.r.c.EquivocationDetector$  ]- Calculate checkEquivocations.
2022-11-10 06:09:45,229 [INFO ] [node-runner-23      ] [c.r.c.MultiParentCasperImpl  ]- Block replayed: #4 (9e5969e0ce...) (1d) (Valid) [1.356040991 sec]
2022-11-10 06:09:45,351 [INFO ] [node-runner-22      ] [c.r.c.util.comm.CommUtilOps  ]- Sent hash 9e5969e0ce... to peers
2022-11-10 06:09:45,352 [INFO ] [node-runner-22      ] [.r.c.e.BlockRetriever$$anon$1]- Block 9e5969e0ce... marked as received.
2022-11-10 06:09:45,352 [INFO ] [node-runner-22      ] [r.n.i.BlockProcessorInstance$]- Block #4 (9e5969e0ce...) validated: Right(Valid)
2022-11-10 06:09:45,353 [INFO ] [node-runner-20      ] [r.n.i.BlockProcessorInstance$]- Block #4 (9e5969e0ce...) processing finished.
2022-11-10 06:09:48,216 [DEBUG] [node-runner-23      ] [c.r.c.safety.CliqueOracle$   ]- Calculating fault tolerance for 9e5969e0ce952180ad5b022558eb9b744c1ff67175a70a5974f763100e47c680.
2022-11-10 06:09:48,246 [INFO ] [node-runner-23      ] [c.r.c.MultiParentCasperImpl  ]- Received DeployData #1668060588183 -- new getInfo, setInfo, message in {
    @{"global_factory"}!(*getInfo, *setInfo)
    |
    getInfo!(*message)
  }, Sig: 3044022001f094ba27c3...358847ca96f54e2ea1fd, SigAlgorithm: secp256k1, ValidAfterBlockNumber: 4
2022-11-10 06:09:48,251 [INFO ] [node-runner-24      ] [c.r.n.i.ProposerInstance$    ]- Propose started
2022-11-10 06:09:48,472 [INFO ] [node-runner-23      ] [c.r.c.b.proposer.Proposer    ]- getCasperSnapshot [219.969996 ms]
2022-11-10 06:09:48,473 [INFO ] [node-runner-25      ] [alizedHeightConstraintChecker]- Latest message is 2 blocks ahead of the last finalized block
2022-11-10 06:09:48,647 [INFO ] [node-runner-20      ] [.c.SynchronyConstraintChecker]- Seen 1 senders with weight 5 out of total 13 (0.38461538461538464 out of 0.0 needed)
2022-11-10 06:09:48,649 [INFO ] [node-runner-21      ] [c.r.c.b.p.BlockCreator$      ]- Creating block #5 (seqNum 3)
2022-11-10 06:09:48,682 [INFO ] [node-runner-22      ] [c.r.casper.rholang.RuntimeOps]- PreCharging 045fe473dfecbf8f2c9043ce85380423f860e551c701078879f76b0ab5519074e5f1eac8ea7ebf4d503b36733e388a1774b01b3a8f93d2010a9b66202b97c45ed7 for 100000
2022-11-10 06:09:49,157 [INFO ] [node-runner-24      ] [c.r.casper.rholang.RuntimeOps]- Refunding 045fe473dfecbf8f2c9043ce85380423f860e551c701078879f76b0ab5519074e5f1eac8ea7ebf4d503b36733e388a1774b01b3a8f93d2010a9b66202b97c45ed7 with 97606
2022-11-10 06:09:50,011 [INFO ] [node-runner-19      ] [c.r.c.b.p.BlockCreator$      ]- Block created: #5 (1601451186...) (1d) [1.362820656 sec]
2022-11-10 06:09:50,012 [INFO ] [node-runner-19      ] [c.r.c.MultiParentCasperImpl  ]- Validating block #5 (1601451186...).
2022-11-10 06:09:50,037 [INFO ] [node-runner-19      ] [c.r.c.u.r.InterpreterUtil$   ]- Computed parents post state for Block #5 (1601451186...) -- Sender ID 0431cdf19e... -- M Parent Hash 9e5969e0ce... -- Contents c3d751c51e...-- Shard ID root.
2022-11-10 06:09:51,329 [INFO ] [node-runner-22      ] [c.r.c.EquivocationDetector$  ]- Calculate checkNeglectedEquivocationsWithUpdate
2022-11-10 06:09:51,330 [INFO ] [node-runner-22      ] [c.r.c.EquivocationDetector$  ]- Calculate checkEquivocations.
2022-11-10 06:09:51,330 [INFO ] [node-runner-22      ] [c.r.c.MultiParentCasperImpl  ]- Block replayed: #5 (1601451186...) (1d) (Valid) [1.317922373 sec]
2022-11-10 06:09:51,431 [INFO ] [node-runner-20      ] [.r.c.e.BlockRetriever$$anon$1]- Block 1601451186... is not in RequestedBlocks. Adding and marking recieved.
2022-11-10 06:09:51,436 [INFO ] [node-runner-20      ] [c.r.c.util.comm.CommUtilOps  ]- Sent hash 1601451186... to peers
2022-11-10 06:09:51,438 [INFO ] [node-runner-18      ] [c.rchain.casper.api.BlockAPI$]- Success! Block 1601451186295968610bed1c293eb3198d299fbfbc93d492c18f741ef253f6da created and added.
2022-11-10 06:09:51,438 [INFO ] [node-runner-20      ] [c.r.n.i.ProposerInstance$    ]- Propose finished: ProposeSuccess(Valid) Block #5 (1601451186...) created and added.
2022-11-10 06:09:51,442 [INFO ] [node-runner-20      ] [c.r.casper.engine.Running$   ]- Received request for block 1601451186... from rnode://9003f52bd8868aeca1b1bf3fd0c96ad3af87137c@192.168.152.129?protocol=40400&discovery=40404. Response sent.
2022-11-10 06:09:51,444 [DEBUG] [node-runner-20      ] [c.r.c.t.StreamObservable     ]- Pushing message to rnode://9003f52bd8868aeca1b1bf3fd0c96ad3af87137c@192.168.152.129?protocol=40400&discovery=40404 stream message queue.
2022-11-10 06:09:51,445 [DEBUG] [node-runner-24      ] [c.r.c.t.GrpcTransportClient  ]- Attempting to stream packet to rnode://9003f52bd8868aeca1b1bf3fd0c96ad3af87137c@192.168.152.129?protocol=40400&discovery=40404 with timeout: 5000ms
2022-11-10 06:09:51,453 [DEBUG] [node-runner-24      ] [c.r.c.t.GrpcTransportClient  ]- Streamed packet packet_receive//20221109220951_0a39304d to rnode://9003f52bd8868aeca1b1bf3fd0c96ad3af87137c@192.168.152.129?protocol=40400&discovery=40404
2022-11-10 06:09:53,114 [DEBUG] [node-runner-24      ] [c.r.casper.engine.Running$   ]- Ignoring 1601451186... hash broadcast
2022-11-10 06:09:56,518 [DEBUG] [node-runner-22      ] [c.r.c.safety.CliqueOracle$   ]- Calculating fault tolerance for 1601451186295968610bed1c293eb3198d299fbfbc93d492c18f741ef253f6da.
2022-11-10 06:10:05,137 [DEBUG] [node-runner-19      ] [c.r.c.safety.CliqueOracle$   ]- Calculating fault tolerance for 1601451186295968610bed1c293eb3198d299fbfbc93d492c18f741ef253f6da.
2022-11-10 06:10:05,163 [INFO ] [node-runner-23      ] [c.r.c.MultiParentCasperImpl  ]- Received DeployData #1668060605123 -- new getInfo, setInfo in {
    @{"global_factory"}!(*getInfo, *setInfo)
    |
    setInfo!("ABCDE")
  }, Sig: 3044022027f93b8e35f7...2445afd94e05610b87c8, SigAlgorithm: secp256k1, ValidAfterBlockNumber: 5
2022-11-10 06:10:05,167 [INFO ] [node-runner-18      ] [c.r.n.i.ProposerInstance$    ]- Propose started
2022-11-10 06:10:05,368 [INFO ] [node-runner-18      ] [c.r.c.b.proposer.Proposer    ]- getCasperSnapshot [200.194128 ms]
2022-11-10 06:10:05,369 [INFO ] [node-runner-19      ] [alizedHeightConstraintChecker]- Latest message is 5 blocks ahead of the last finalized block
2022-11-10 06:10:05,547 [INFO ] [node-runner-23      ] [.c.SynchronyConstraintChecker]- Seen 0 senders with weight 0 out of total 13 (0.0 out of 0.0 needed)
2022-11-10 06:10:05,548 [INFO ] [node-runner-22      ] [c.r.c.b.p.BlockCreator$      ]- Creating block #6 (seqNum 4)
2022-11-10 06:10:05,578 [INFO ] [node-runner-19      ] [c.r.casper.rholang.RuntimeOps]- PreCharging 045fe473dfecbf8f2c9043ce85380423f860e551c701078879f76b0ab5519074e5f1eac8ea7ebf4d503b36733e388a1774b01b3a8f93d2010a9b66202b97c45ed7 for 100000
2022-11-10 06:10:06,007 [INFO ] [node-runner-18      ] [c.r.casper.rholang.RuntimeOps]- Refunding 045fe473dfecbf8f2c9043ce85380423f860e551c701078879f76b0ab5519074e5f1eac8ea7ebf4d503b36733e388a1774b01b3a8f93d2010a9b66202b97c45ed7 with 97914
2022-11-10 06:10:06,812 [INFO ] [node-runner-18      ] [c.r.c.b.p.BlockCreator$      ]- Block created: #6 (c5ee4f6290...) (1d) [1.264638481 sec]
2022-11-10 06:10:06,813 [INFO ] [node-runner-18      ] [c.r.c.MultiParentCasperImpl  ]- Validating block #6 (c5ee4f6290...).
2022-11-10 06:10:06,834 [INFO ] [node-runner-18      ] [c.r.c.u.r.InterpreterUtil$   ]- Computed parents post state for Block #6 (c5ee4f6290...) -- Sender ID 0431cdf19e... -- M Parent Hash 1601451186... -- Contents d5b78dec92...-- Shard ID root.
2022-11-10 06:10:07,228 [DEBUG] [node-runner-22      ] [c.r.c.MultiParentCasperImpl  ]- Requesting CasperBuffer pendant hashes, 0 items.
2022-11-10 06:10:07,229 [DEBUG] [node-runner-22      ] [.r.c.e.BlockRetriever$$anon$1]- Running BlockRetriever maintenance (4 items unexpired).
2022-11-10 06:10:08,090 [INFO ] [node-runner-23      ] [c.r.c.EquivocationDetector$  ]- Calculate checkNeglectedEquivocationsWithUpdate
2022-11-10 06:10:08,090 [INFO ] [node-runner-23      ] [c.r.c.EquivocationDetector$  ]- Calculate checkEquivocations.
2022-11-10 06:10:08,090 [INFO ] [node-runner-23      ] [c.r.c.MultiParentCasperImpl  ]- Block replayed: #6 (c5ee4f6290...) (1d) (Valid) [1.277395924 sec]
2022-11-10 06:10:08,179 [INFO ] [node-runner-22      ] [.r.c.e.BlockRetriever$$anon$1]- Block c5ee4f6290... is not in RequestedBlocks. Adding and marking recieved.
2022-11-10 06:10:08,185 [INFO ] [node-runner-22      ] [c.r.c.util.comm.CommUtilOps  ]- Sent hash c5ee4f6290... to peers
2022-11-10 06:10:08,186 [INFO ] [node-runner-18      ] [c.rchain.casper.api.BlockAPI$]- Success! Block c5ee4f6290da156abe1e88d681ca7e48df322f370a7d94d4c12fff528d9c5350 created and added.
2022-11-10 06:10:08,188 [INFO ] [node-runner-22      ] [c.r.n.i.ProposerInstance$    ]- Propose finished: ProposeSuccess(Valid) Block #6 (c5ee4f6290...) created and added.
2022-11-10 06:10:08,191 [INFO ] [node-runner-18      ] [c.r.casper.engine.Running$   ]- Received request for block c5ee4f6290... from rnode://9003f52bd8868aeca1b1bf3fd0c96ad3af87137c@192.168.152.129?protocol=40400&discovery=40404. Response sent.
2022-11-10 06:10:08,193 [DEBUG] [node-runner-18      ] [c.r.c.t.StreamObservable     ]- Pushing message to rnode://9003f52bd8868aeca1b1bf3fd0c96ad3af87137c@192.168.152.129?protocol=40400&discovery=40404 stream message queue.
2022-11-10 06:10:08,194 [DEBUG] [node-runner-24      ] [c.r.c.t.GrpcTransportClient  ]- Attempting to stream packet to rnode://9003f52bd8868aeca1b1bf3fd0c96ad3af87137c@192.168.152.129?protocol=40400&discovery=40404 with timeout: 5000ms
2022-11-10 06:10:08,202 [DEBUG] [node-runner-24      ] [c.r.c.t.GrpcTransportClient  ]- Streamed packet packet_receive//20221109221008_fba5e90b to rnode://9003f52bd8868aeca1b1bf3fd0c96ad3af87137c@192.168.152.129?protocol=40400&discovery=40404
2022-11-10 06:10:09,840 [DEBUG] [node-runner-24      ] [c.r.casper.engine.Running$   ]- Ignoring c5ee4f6290... hash broadcast
2022-11-10 06:10:37,230 [DEBUG] [node-runner-24      ] [c.r.c.MultiParentCasperImpl  ]- Requesting CasperBuffer pendant hashes, 0 items.
2022-11-10 06:10:37,230 [DEBUG] [node-runner-24      ] [.r.c.e.BlockRetriever$$anon$1]- Running BlockRetriever maintenance (5 items unexpired).
2022-11-10 06:11:07,232 [DEBUG] [node-runner-20      ] [c.r.c.MultiParentCasperImpl  ]- Requesting CasperBuffer pendant hashes, 0 items.
2022-11-10 06:11:07,232 [DEBUG] [node-runner-20      ] [.r.c.e.BlockRetriever$$anon$1]- Running BlockRetriever maintenance (5 items unexpired).
2022-11-10 06:11:09,845 [DEBUG] [node-runner-18      ] [c.r.casper.engine.Running$   ]- Incoming BlockHashMessage 9201747a9e... from 192.168.152.129
2022-11-10 06:11:09,845 [INFO ] [node-runner-18      ] [.r.c.e.BlockRetriever$$anon$1]- Adding 9201747a9e... hash to RequestedBlocks because of HashBroadcastRecieved.
2022-11-10 06:11:09,846 [DEBUG] [node-runner-18      ] [c.r.c.util.comm.CommUtil$    ]- Requesting 9201747a9e... from 192.168.152.129. 
2022-11-10 06:11:09,861 [DEBUG] [node-runner-18      ] [c.r.c.t.StreamHandler$       ]- Stream collected.
2022-11-10 06:11:09,861 [DEBUG] [node-runner-18      ] [GrpcTransportReceiver$$anon$1]- Stream chunk pushed to message buffer. Sender 192.168.152.129, message BlockMessage, size 102730, file packet_send//20221109221109_9b3b85e5.
2022-11-10 06:11:09,864 [DEBUG] [node-runner-22      ] [c.r.casper.engine.Running    ]- Incoming BlockMessage #7 (9201747a9e...) from 192.168.152.129
2022-11-10 06:11:09,868 [INFO ] [node-runner-18      ] [r.n.i.BlockProcessorInstance$]- Block #7 (9201747a9e...) processing started.
2022-11-10 06:11:10,079 [INFO ] [node-runner-21      ] [c.r.c.MultiParentCasperImpl  ]- Validating block #7 (9201747a9e...).
2022-11-10 06:11:10,103 [INFO ] [node-runner-21      ] [c.r.c.u.r.InterpreterUtil$   ]- Computed parents post state for Block #7 (9201747a9e...) -- Sender ID 04570e5edf... -- M Parent Hash c5ee4f6290... -- Contents 1f016f66ad...-- Shard ID root.
2022-11-10 06:11:11,321 [INFO ] [node-runner-20      ] [c.r.c.EquivocationDetector$  ]- Calculate checkNeglectedEquivocationsWithUpdate
2022-11-10 06:11:11,322 [INFO ] [node-runner-20      ] [c.r.c.EquivocationDetector$  ]- Calculate checkEquivocations.
2022-11-10 06:11:11,323 [INFO ] [node-runner-20      ] [c.r.c.MultiParentCasperImpl  ]- Block replayed: #7 (9201747a9e...) (1d) (Valid) [1.243253469 sec]
2022-11-10 06:11:11,418 [INFO ] [node-runner-19      ] [c.r.c.util.comm.CommUtilOps  ]- Sent hash 9201747a9e... to peers
2022-11-10 06:11:11,419 [INFO ] [node-runner-19      ] [.r.c.e.BlockRetriever$$anon$1]- Block 9201747a9e... marked as received.
2022-11-10 06:11:11,419 [INFO ] [node-runner-19      ] [r.n.i.BlockProcessorInstance$]- Block #7 (9201747a9e...) validated: Right(Valid)
2022-11-10 06:11:11,419 [INFO ] [node-runner-20      ] [r.n.i.BlockProcessorInstance$]- Block #7 (9201747a9e...) processing finished.
2022-11-10 06:11:22,984 [DEBUG] [node-runner-19      ] [c.r.casper.engine.Running$   ]- Incoming BlockHashMessage 52c27a6e6c... from 192.168.152.129
2022-11-10 06:11:22,985 [INFO ] [node-runner-19      ] [.r.c.e.BlockRetriever$$anon$1]- Adding 52c27a6e6c... hash to RequestedBlocks because of HashBroadcastRecieved.
2022-11-10 06:11:22,985 [DEBUG] [node-runner-19      ] [c.r.c.util.comm.CommUtil$    ]- Requesting 52c27a6e6c... from 192.168.152.129. 
2022-11-10 06:11:23,001 [DEBUG] [node-runner-21      ] [c.r.c.t.StreamHandler$       ]- Stream collected.
2022-11-10 06:11:23,001 [DEBUG] [node-runner-21      ] [GrpcTransportReceiver$$anon$1]- Stream chunk pushed to message buffer. Sender 192.168.152.129, message BlockMessage, size 102651, file packet_send//20221109221122_c556c79e.
2022-11-10 06:11:23,003 [DEBUG] [node-runner-19      ] [c.r.casper.engine.Running    ]- Incoming BlockMessage #8 (52c27a6e6c...) from 192.168.152.129
2022-11-10 06:11:23,007 [INFO ] [node-runner-18      ] [r.n.i.BlockProcessorInstance$]- Block #8 (52c27a6e6c...) processing started.
2022-11-10 06:11:23,204 [INFO ] [node-runner-20      ] [c.r.c.MultiParentCasperImpl  ]- Validating block #8 (52c27a6e6c...).
2022-11-10 06:11:23,225 [INFO ] [node-runner-20      ] [c.r.c.u.r.InterpreterUtil$   ]- Computed parents post state for Block #8 (52c27a6e6c...) -- Sender ID 04570e5edf... -- M Parent Hash 9201747a9e... -- Contents b5fd229bde...-- Shard ID root.
2022-11-10 06:11:24,436 [INFO ] [node-runner-22      ] [c.r.c.EquivocationDetector$  ]- Calculate checkNeglectedEquivocationsWithUpdate
2022-11-10 06:11:24,436 [INFO ] [node-runner-22      ] [c.r.c.EquivocationDetector$  ]- Calculate checkEquivocations.
2022-11-10 06:11:24,437 [INFO ] [node-runner-22      ] [c.r.c.MultiParentCasperImpl  ]- Block replayed: #8 (52c27a6e6c...) (1d) (Valid) [1.23260192 sec]
2022-11-10 06:11:24,528 [INFO ] [node-runner-22      ] [c.r.c.util.comm.CommUtilOps  ]- Sent hash 52c27a6e6c... to peers
2022-11-10 06:11:24,529 [INFO ] [node-runner-22      ] [.r.c.e.BlockRetriever$$anon$1]- Block 52c27a6e6c... marked as received.
2022-11-10 06:11:24,529 [INFO ] [node-runner-22      ] [r.n.i.BlockProcessorInstance$]- Block #8 (52c27a6e6c...) validated: Right(Valid)
2022-11-10 06:11:24,529 [INFO ] [node-runner-19      ] [r.n.i.BlockProcessorInstance$]- Block #8 (52c27a6e6c...) processing finished.
2022-11-10 06:11:34,413 [DEBUG] [node-runner-22      ] [c.r.c.safety.CliqueOracle$   ]- Calculating fault tolerance for 52c27a6e6c9beff022306ab9d632e1684db4007cd6fe648504c0c0789924f254.
2022-11-10 06:11:34,441 [INFO ] [node-runner-19      ] [c.r.c.MultiParentCasperImpl  ]- Received DeployData #1668060694388 -- new getInfo, setInfo, message in {
    @{"global_factory"}!(*getInfo, *setInfo)
    |
    getInfo!(*message)
  }, Sig: 304402204715bdcab6c2...34ee48c241c92b99a2ef, SigAlgorithm: secp256k1, ValidAfterBlockNumber: 8
2022-11-10 06:11:34,447 [INFO ] [node-runner-24      ] [c.r.n.i.ProposerInstance$    ]- Propose started
2022-11-10 06:11:34,635 [INFO ] [node-runner-21      ] [c.r.c.b.proposer.Proposer    ]- getCasperSnapshot [188.260583 ms]
2022-11-10 06:11:34,637 [INFO ] [node-runner-20      ] [alizedHeightConstraintChecker]- Latest message is 6 blocks ahead of the last finalized block
2022-11-10 06:11:34,808 [INFO ] [node-runner-19      ] [.c.SynchronyConstraintChecker]- Seen 1 senders with weight 5 out of total 13 (0.38461538461538464 out of 0.0 needed)
2022-11-10 06:11:34,809 [INFO ] [node-runner-20      ] [c.r.c.b.p.BlockCreator$      ]- Creating block #9 (seqNum 5)
2022-11-10 06:11:34,841 [INFO ] [node-runner-24      ] [c.r.casper.rholang.RuntimeOps]- PreCharging 045fe473dfecbf8f2c9043ce85380423f860e551c701078879f76b0ab5519074e5f1eac8ea7ebf4d503b36733e388a1774b01b3a8f93d2010a9b66202b97c45ed7 for 100000
2022-11-10 06:11:35,314 [INFO ] [node-runner-21      ] [c.r.casper.rholang.RuntimeOps]- Refunding 045fe473dfecbf8f2c9043ce85380423f860e551c701078879f76b0ab5519074e5f1eac8ea7ebf4d503b36733e388a1774b01b3a8f93d2010a9b66202b97c45ed7 with 97603
2022-11-10 06:11:36,112 [INFO ] [node-runner-20      ] [c.r.c.b.p.BlockCreator$      ]- Block created: #9 (655ddf2556...) (1d) [1.302616418 sec]
2022-11-10 06:11:36,112 [INFO ] [node-runner-20      ] [c.r.c.MultiParentCasperImpl  ]- Validating block #9 (655ddf2556...).
2022-11-10 06:11:36,138 [INFO ] [node-runner-20      ] [c.r.c.u.r.InterpreterUtil$   ]- Computed parents post state for Block #9 (655ddf2556...) -- Sender ID 0431cdf19e... -- M Parent Hash 52c27a6e6c... -- Contents da82f020f7...-- Shard ID root.
2022-11-10 06:11:37,234 [DEBUG] [node-runner-18      ] [c.r.c.MultiParentCasperImpl  ]- Requesting CasperBuffer pendant hashes, 0 items.
2022-11-10 06:11:37,234 [DEBUG] [node-runner-18      ] [.r.c.e.BlockRetriever$$anon$1]- Running BlockRetriever maintenance (7 items unexpired).
2022-11-10 06:11:37,319 [INFO ] [node-runner-20      ] [c.r.c.EquivocationDetector$  ]- Calculate checkNeglectedEquivocationsWithUpdate
2022-11-10 06:11:37,319 [INFO ] [node-runner-20      ] [c.r.c.EquivocationDetector$  ]- Calculate checkEquivocations.
2022-11-10 06:11:37,320 [INFO ] [node-runner-20      ] [c.r.c.MultiParentCasperImpl  ]- Block replayed: #9 (655ddf2556...) (1d) (Valid) [1.207109442 sec]
2022-11-10 06:11:37,427 [INFO ] [node-runner-20      ] [.r.c.e.BlockRetriever$$anon$1]- Block 655ddf2556... is not in RequestedBlocks. Adding and marking recieved.
2022-11-10 06:11:37,431 [INFO ] [node-runner-20      ] [c.r.c.util.comm.CommUtilOps  ]- Sent hash 655ddf2556... to peers
2022-11-10 06:11:37,433 [INFO ] [node-runner-19      ] [c.rchain.casper.api.BlockAPI$]- Success! Block 655ddf2556197c2fe2c8d596626a4ee76ebd4961ce5b6ffa4a37bc0270940c42 created and added.
2022-11-10 06:11:37,433 [INFO ] [node-runner-20      ] [c.r.n.i.ProposerInstance$    ]- Propose finished: ProposeSuccess(Valid) Block #9 (655ddf2556...) created and added.
2022-11-10 06:11:37,436 [INFO ] [node-runner-23      ] [c.r.casper.engine.Running$   ]- Received request for block 655ddf2556... from rnode://9003f52bd8868aeca1b1bf3fd0c96ad3af87137c@192.168.152.129?protocol=40400&discovery=40404. Response sent.
2022-11-10 06:11:37,439 [DEBUG] [node-runner-23      ] [c.r.c.t.StreamObservable     ]- Pushing message to rnode://9003f52bd8868aeca1b1bf3fd0c96ad3af87137c@192.168.152.129?protocol=40400&discovery=40404 stream message queue.
2022-11-10 06:11:37,439 [DEBUG] [node-runner-22      ] [c.r.c.t.GrpcTransportClient  ]- Attempting to stream packet to rnode://9003f52bd8868aeca1b1bf3fd0c96ad3af87137c@192.168.152.129?protocol=40400&discovery=40404 with timeout: 5000ms
2022-11-10 06:11:37,447 [DEBUG] [node-runner-22      ] [c.r.c.t.GrpcTransportClient  ]- Streamed packet packet_receive//20221109221137_946bd6a8 to rnode://9003f52bd8868aeca1b1bf3fd0c96ad3af87137c@192.168.152.129?protocol=40400&discovery=40404
2022-11-10 06:11:39,010 [DEBUG] [node-runner-18      ] [c.r.casper.engine.Running$   ]- Ignoring 655ddf2556... hash broadcast
2022-11-10 06:11:42,509 [DEBUG] [node-runner-18      ] [c.r.c.safety.CliqueOracle$   ]- Calculating fault tolerance for 655ddf2556197c2fe2c8d596626a4ee76ebd4961ce5b6ffa4a37bc0270940c42.
